<?xml version="1.0" encoding="UTF-8"?>
<!-- Generated by org.testng.reporters.JUnitReportReporter -->
<testsuite hostname="DESKTOP-HMIMJNE" failures="0" tests="1" name="uatenv.RegUATTest" time="0.004" errors="0" timestamp="2024-10-07T15:39:11 IST" skipped="0">
  <testcase classname="uatenv.RegUATTest" name="RegUATtest" time="0.004"/>
  <system-out/>
</testsuite> <!-- uatenv.RegUATTest -->
