<?xml version="1.0" encoding="UTF-8"?>
<!-- Generated by org.testng.reporters.JUnitReportReporter -->
<testsuite hostname="DESKTOP-HMIMJNE" failures="0" tests="1" name="TestNg.RegisterTest" time="0.001" errors="0" timestamp="2024-10-07T16:01:12 IST" skipped="0">
  <testcase classname="TestNg.RegisterTest" name="AdmissionLoginReg" time="0.001"/>
  <system-out/>
</testsuite> <!-- TestNg.RegisterTest -->
