<?xml version="1.0" encoding="UTF-8"?>
<!-- Generated by org.testng.reporters.JUnitReportReporter -->
<testsuite hostname="DESKTOP-HMIMJNE" failures="0" tests="3" name="TestNg.groupingTest" time="0.061" errors="0" timestamp="2024-10-06T23:12:08 IST" skipped="0">
  <testcase classname="TestNg.groupingTest" name="Test1" time="0.036"/>
  <system-out/>
  <testcase classname="TestNg.groupingTest" name="Test3" time="0.007"/>
  <system-out/>
  <testcase classname="TestNg.groupingTest" name="Test2" time="0.018"/>
  <system-out/>
</testsuite> <!-- TestNg.groupingTest -->
