<?xml version="1.0" encoding="UTF-8"?>
<!-- Generated by org.testng.reporters.JUnitReportReporter -->
<testsuite hostname="DESKTOP-HMIMJNE" failures="0" tests="1" name="testenv.RegTest" time="0.002" errors="0" timestamp="2024-10-07T15:37:51 IST" skipped="0">
  <testcase classname="testenv.RegTest" name="regtest" time="0.002"/>
  <system-out/>
</testsuite> <!-- testenv.RegTest -->
