<?xml version="1.0" encoding="UTF-8"?>
<!-- Generated by org.testng.reporters.JUnitReportReporter -->
<testsuite hostname="DESKTOP-HMIMJNE" failures="0" tests="1" name="prodenv.RegiTest" time="0.003" errors="0" timestamp="2024-10-07T15:38:47 IST" skipped="0">
  <testcase classname="prodenv.RegiTest" name="regprodtest" time="0.003"/>
  <system-out/>
</testsuite> <!-- prodenv.RegiTest -->
