<?xml version="1.0" encoding="UTF-8"?>
<!-- Generated by org.testng.reporters.JUnitReportReporter -->
<testsuite hostname="DESKTOP-HMIMJNE" failures="0" tests="1" name="uatenv.LogoutUATTest" time="0.017" errors="0" timestamp="2024-10-07T15:39:11 IST" skipped="0">
  <testcase classname="uatenv.LogoutUATTest" name="logoutUATtest" time="0.017"/>
  <system-out/>
</testsuite> <!-- uatenv.LogoutUATTest -->
