<?xml version="1.0" encoding="UTF-8"?>
<!-- Generated by org.testng.reporters.JUnitReportReporter -->
<testsuite hostname="DESKTOP-HMIMJNE" failures="0" tests="1" name="prodenv.LogoutTest" time="0.005" errors="0" timestamp="2024-10-07T15:38:47 IST" skipped="0">
  <testcase classname="prodenv.LogoutTest" name="logoutprodtest" time="0.005"/>
  <system-out/>
</testsuite> <!-- prodenv.LogoutTest -->
