<?xml version="1.0" encoding="UTF-8"?>
<!-- Generated by org.testng.reporters.JUnitReportReporter -->
<testsuite hostname="DESKTOP-HMIMJNE" failures="0" tests="3" name="com.myshop.testcases.LogInPageTest" time="41.547" errors="0" timestamp="2024-08-30T12:27:19 IST" skipped="0">
  <testcase classname="com.myshop.testcases.LogInPageTest" name="loginPageTitile" time="10.331"/>
  <system-out/>
  <testcase classname="com.myshop.testcases.LogInPageTest" name="myshopImgTest" time="13.202"/>
  <system-out/>
  <testcase classname="com.myshop.testcases.LogInPageTest" name="logInTest" time="18.014"/>
  <system-out/>
</testsuite> <!-- com.myshop.testcases.LogInPageTest -->
