<?xml version="1.0" encoding="UTF-8"?>
<!-- Generated by org.testng.reporters.JUnitReportReporter -->
<testsuite hostname="DESKTOP-HMIMJNE" failures="0" tests="1" name="testenv.LogoutTest" time="0.005" errors="0" timestamp="2024-10-07T15:37:51 IST" skipped="0">
  <testcase classname="testenv.LogoutTest" name="logouttest" time="0.005"/>
  <system-out/>
</testsuite> <!-- testenv.LogoutTest -->
