<?xml version="1.0" encoding="UTF-8"?>
<!-- Generated by org.testng.reporters.JUnitReportReporter -->
<testsuite hostname="DESKTOP-HMIMJNE" failures="0" tests="1" name="TestNg.LoginpageTest" time="0.004" errors="0" timestamp="2024-10-07T16:01:12 IST" skipped="0">
  <testcase classname="TestNg.LoginpageTest" name="AdmissionLoginPage" time="0.004"/>
  <system-out/>
</testsuite> <!-- TestNg.LoginpageTest -->
